<?xml version="1.0" encoding="UTF-8"?>
<!-- Generated by org.testng.reporters.JUnitReportReporter -->
<testsuite hostname="KANINI-LTP-552" failures="0" tests="1" name="SwagLabs.Project.RND" time="3.045" errors="0" timestamp="2025-02-25T20:19:44 IST" skipped="0">
  <testcase classname="SwagLabs.Project.RND" name="Sample" time="3.045"/>
</testsuite> <!-- SwagLabs.Project.RND -->
