<?xml version="1.0" encoding="UTF-8"?>
<!-- Generated by org.testng.reporters.JUnitReportReporter -->
<testsuite hostname="KANINI-LTP-552" failures="0" tests="1" name="SwagLabs.SwagLab.RND" time="5.062" errors="0" timestamp="2025-02-25T16:14:14 IST" skipped="0">
  <testcase classname="SwagLabs.SwagLab.RND" name="Sample" time="5.062"/>
</testsuite> <!-- SwagLabs.SwagLab.RND -->
